[0501/145714.910:INFO:CONSOLE(1)] "Uncaught TypeError: Cannot set property 'value' of null", source: about:blank (1)
[0501/150421.230:INFO:CONSOLE(1)] "Uncaught TypeError: Cannot set property 'value' of null", source: about:blank (1)
[0501/151933.202:VERBOSE1:pref_proxy_config_tracker_impl.cc(184)] 05A4CA58: set chrome proxy config service to 05A4CD00
[0501/151933.211:VERBOSE1:webrtc_internals.cc(120)] Could not get the download directory.
[0501/151933.239:VERBOSE1:pref_proxy_config_tracker_impl.cc(184)] 05ACEB38: set chrome proxy config service to 08C7AFD0
[0501/151952.124:VERBOSE1:statistics_recorder.cc(409)] Collections of all histograms
Histogram: ChildProcess.FieldTrials.CreateFromShmemSuccess recorded 1 samples, mean = 1.0 (flags = 0x1)
0  O                                                                         (0 = 0.0%)
1  ------------------------------------------------------------------------O (1 = 100.0%) {0.0%}
2  O                                                                         (0 = 0.0%) {100.0%}

Histogram: GPU.ANGLE.D3D11FeatureLevel recorded 1 samples, mean = 5.0 (flags = 0x1)
0  ... 
5  ------------------------------------------------------------------------O (1 = 100.0%) {0.0%}
6  O                                                                         (0 = 0.0%) {100.0%}

Histogram: GPU.ANGLE.D3D11InitializeResult recorded 1 samples, mean = 0.0 (flags = 0x1)
0  ------------------------------------------------------------------------O (1 = 100.0%)
1  ... 

Histogram: GPU.ANGLE.DisplayInitializeMS recorded 1 samples, mean = 28.0 (flags = 0x1)
0   ... 
24  ------------------------------------------------------------------------O (1 = 100.0%) {0.0%}
29  ... 

Histogram: GPU.ANGLE.SupportsDXGI1_2 recorded 1 samples, mean = 1.0 (flags = 0x1)
0  O                                                                         (0 = 0.0%)
1  ------------------------------------------------------------------------O (1 = 100.0%) {0.0%}
2  O                                                                         (0 = 0.0%) {100.0%}

Histogram: GPU.CollectContextGraphicsInfo recorded 1 samples, mean = 1.0 (flags = 0x1)
0  O                                                                         (0 = 0.0%)
1  ------------------------------------------------------------------------O (1 = 100.0%) {0.0%}
2  ... 

Histogram: GPU.D3DShaderModel recorded 1 samples, mean = 5.0 (flags = 0x1)
0  ... 
5  ------------------------------------------------------------------------O (1 = 100.0%) {0.0%}
6  O                                                                         (0 = 0.0%) {100.0%}

Histogram: GPU.DirectComposition.OverlaysSupported recorded 1 samples, mean = 0.0 (flags = 0x1)
0  ------------------------------------------------------------------------O (1 = 100.0%)
1  ... 

Histogram: GPU.EGLDisplayType recorded 1 samples, mean = 4.0 (flags = 0x1)
0  ... 
4  ------------------------------------------------------------------------O (1 = 100.0%) {0.0%}
5  ... 

Histogram: GPU.GLImplementation recorded 1 samples, mean = 9.0 (flags = 0x1)
0  ... 
9  ------------------------------------------------------------------------O (1 = 100.0%) {0.0%}
10 O                                                                         (0 = 0.0%) {100.0%}

Histogram: GPU.GPUInitializationTime recorded 1 samples, mean = 114.0 (flags = 0x1)
0  ------------------------------------------------------------------------O (1 = 100.0%)
1000... 

Histogram: GPU.GpuGeneration recorded 1 samples, mean = 0.0 (flags = 0x1)
0  ------------------------------------------------------------------------O (1 = 100.0%)
1  ... 

Histogram: GPU.InitializeOneOffMediumTime recorded 1 samples, mean = 43.0 (flags = 0x1)
0   ... 
41  ------------------------------------------------------------------------O (1 = 100.0%) {0.0%}
50  ... 

Histogram: GPU.MaxMSAASampleCount recorded 1 samples (flags = 0x1)
8  ------------------------------------------------------------------------O (1 = 100.0%)

Histogram: GPU.Sandbox.InitializedSuccessfully recorded 1 samples, mean = 0.0 (flags = 0x1)
0  ------------------------------------------------------------------------O (1 = 100.0%)
1  ... 

Histogram: GPU.WatchdogThread.Event recorded 2 samples, mean = 1.0 (flags = 0x1)
0  ------------------------------------------------------------------------O (1 = 50.0%)
1  O                                                                         (0 = 0.0%) {50.0%}
2  ------------------------------------------------------------------------O (1 = 50.0%) {50.0%}
3  O                                                                         (0 = 0.0%) {100.0%}

Histogram: LibraryLoader.LoadNativeLibraryWindows recorded 3 samples, mean = 0.3 (flags = 0x1)
0  ------------------------------------------------------------------------O (2 = 66.7%)
1  ------------------------------------O                                     (1 = 33.3%) {66.7%}
2  ... 

Histogram: ThreadPool.DetachDuration.ContentChild.Background recorded 0 samples (flags = 0x1)
0 ... 

Histogram: ThreadPool.DetachDuration.ContentChild.Foreground recorded 0 samples (flags = 0x1)
0 ... 

Histogram: ThreadPool.NumActiveWorkers.ContentChild.Background recorded 0 samples (flags = 0x1)
0 ... 

Histogram: ThreadPool.NumActiveWorkers.ContentChild.Foreground recorded 0 samples (flags = 0x1)
0 ... 

Histogram: ThreadPool.NumTasksBeforeDetach.ContentChild.Background recorded 0 samples (flags = 0x1)
0 ... 

Histogram: ThreadPool.NumTasksBeforeDetach.ContentChild.Foreground recorded 0 samples (flags = 0x1)
0 ... 

Histogram: ThreadPool.NumWorkers.ContentChild.Background recorded 0 samples (flags = 0x1)
0 ... 

Histogram: ThreadPool.NumWorkers.ContentChild.Foreground recorded 0 samples (flags = 0x1)
0 ... 

Histogram: Windows.CreateThreadTime recorded 6 samples, mean = 0.0 (flags = 0x1)
0  ------------------------------------------------------------------------O (6 = 100.0%)
1  ... 


[0501/152036.449:VERBOSE1:pref_proxy_config_tracker_impl.cc(184)] 052E4D18: set chrome proxy config service to 052E4FC0
[0501/152036.457:VERBOSE1:webrtc_internals.cc(120)] Could not get the download directory.
[0501/152036.487:VERBOSE1:pref_proxy_config_tracker_impl.cc(184)] 0842E8C8: set chrome proxy config service to 0842EB70
[0501/152041.467:VERBOSE1:statistics_recorder.cc(409)] Collections of all histograms
Histogram: ChildProcess.FieldTrials.CreateFromShmemSuccess recorded 1 samples, mean = 1.0 (flags = 0x1)
0  O                                                                         (0 = 0.0%)
1  ------------------------------------------------------------------------O (1 = 100.0%) {0.0%}
2  O                                                                         (0 = 0.0%) {100.0%}

Histogram: GPU.ANGLE.D3D11FeatureLevel recorded 1 samples, mean = 5.0 (flags = 0x1)
0  ... 
5  ------------------------------------------------------------------------O (1 = 100.0%) {0.0%}
6  O                                                                         (0 = 0.0%) {100.0%}

Histogram: GPU.ANGLE.D3D11InitializeResult recorded 1 samples, mean = 0.0 (flags = 0x1)
0  ------------------------------------------------------------------------O (1 = 100.0%)
1  ... 

Histogram: GPU.ANGLE.DisplayInitializeMS recorded 1 samples, mean = 29.0 (flags = 0x1)
0   ... 
29  ------------------------------------------------------------------------O (1 = 100.0%) {0.0%}
34  ... 

Histogram: GPU.ANGLE.SupportsDXGI1_2 recorded 1 samples, mean = 1.0 (flags = 0x1)
0  O                                                                         (0 = 0.0%)
1  ------------------------------------------------------------------------O (1 = 100.0%) {0.0%}
2  O                                                                         (0 = 0.0%) {100.0%}

Histogram: GPU.CollectContextGraphicsInfo recorded 1 samples, mean = 1.0 (flags = 0x1)
0  O                                                                         (0 = 0.0%)
1  ------------------------------------------------------------------------O (1 = 100.0%) {0.0%}
2  ... 

Histogram: GPU.D3DShaderModel recorded 1 samples, mean = 5.0 (flags = 0x1)
0  ... 
5  ------------------------------------------------------------------------O (1 = 100.0%) {0.0%}
6  O                                                                         (0 = 0.0%) {100.0%}

Histogram: GPU.DirectComposition.OverlaysSupported recorded 1 samples, mean = 0.0 (flags = 0x1)
0  ------------------------------------------------------------------------O (1 = 100.0%)
1  ... 

Histogram: GPU.EGLDisplayType recorded 1 samples, mean = 4.0 (flags = 0x1)
0  ... 
4  ------------------------------------------------------------------------O (1 = 100.0%) {0.0%}
5  ... 

Histogram: GPU.GLImplementation recorded 1 samples, mean = 9.0 (flags = 0x1)
0  ... 
9  ------------------------------------------------------------------------O (1 = 100.0%) {0.0%}
10 O                                                                         (0 = 0.0%) {100.0%}

Histogram: GPU.GPUInitializationTime recorded 1 samples, mean = 111.0 (flags = 0x1)
0  ------------------------------------------------------------------------O (1 = 100.0%)
1000... 

Histogram: GPU.GpuGeneration recorded 1 samples, mean = 0.0 (flags = 0x1)
0  ------------------------------------------------------------------------O (1 = 100.0%)
1  ... 

Histogram: GPU.InitializeOneOffMediumTime recorded 1 samples, mean = 42.0 (flags = 0x1)
0   ... 
41  ------------------------------------------------------------------------O (1 = 100.0%) {0.0%}
50  ... 

Histogram: GPU.MaxMSAASampleCount recorded 1 samples (flags = 0x1)
8  ------------------------------------------------------------------------O (1 = 100.0%)

Histogram: GPU.Sandbox.InitializedSuccessfully recorded 1 samples, mean = 0.0 (flags = 0x1)
0  ------------------------------------------------------------------------O (1 = 100.0%)
1  ... 

Histogram: GPU.WatchdogThread.Event recorded 2 samples, mean = 1.0 (flags = 0x1)
0  ------------------------------------------------------------------------O (1 = 50.0%)
1  O                                                                         (0 = 0.0%) {50.0%}
2  ------------------------------------------------------------------------O (1 = 50.0%) {50.0%}
3  O                                                                         (0 = 0.0%) {100.0%}

Histogram: LibraryLoader.LoadNativeLibraryWindows recorded 3 samples, mean = 0.3 (flags = 0x1)
0  ------------------------------------------------------------------------O (2 = 66.7%)
1  ------------------------------------O                                     (1 = 33.3%) {66.7%}
2  ... 

Histogram: ThreadPool.DetachDuration.ContentChild.Background recorded 0 samples (flags = 0x1)
0 ... 

Histogram: ThreadPool.DetachDuration.ContentChild.Foreground recorded 0 samples (flags = 0x1)
0 ... 

Histogram: ThreadPool.NumActiveWorkers.ContentChild.Background recorded 0 samples (flags = 0x1)
0 ... 

Histogram: ThreadPool.NumActiveWorkers.ContentChild.Foreground recorded 0 samples (flags = 0x1)
0 ... 

Histogram: ThreadPool.NumTasksBeforeDetach.ContentChild.Background recorded 0 samples (flags = 0x1)
0 ... 

Histogram: ThreadPool.NumTasksBeforeDetach.ContentChild.Foreground recorded 0 samples (flags = 0x1)
0 ... 

Histogram: ThreadPool.NumWorkers.ContentChild.Background recorded 0 samples (flags = 0x1)
0 ... 

Histogram: ThreadPool.NumWorkers.ContentChild.Foreground recorded 0 samples (flags = 0x1)
0 ... 

Histogram: Windows.CreateThreadTime recorded 6 samples, mean = 0.0 (flags = 0x1)
0  ------------------------------------------------------------------------O (6 = 100.0%)
1  ... 


[0501/152058.869:VERBOSE1:pref_proxy_config_tracker_impl.cc(184)] 05B1F598: set chrome proxy config service to 05B1F840
[0501/152058.878:VERBOSE1:webrtc_internals.cc(120)] Could not get the download directory.
[0501/152058.905:VERBOSE1:pref_proxy_config_tracker_impl.cc(184)] 05BA3080: set chrome proxy config service to 05BA3328
[0501/152113.564:VERBOSE1:statistics_recorder.cc(409)] Collections of all histograms
Histogram: ChildProcess.FieldTrials.CreateFromShmemSuccess recorded 1 samples, mean = 1.0 (flags = 0x1)
0  O                                                                         (0 = 0.0%)
1  ------------------------------------------------------------------------O (1 = 100.0%) {0.0%}
2  O                                                                         (0 = 0.0%) {100.0%}

Histogram: GPU.ANGLE.D3D11FeatureLevel recorded 1 samples, mean = 5.0 (flags = 0x1)
0  ... 
5  ------------------------------------------------------------------------O (1 = 100.0%) {0.0%}
6  O                                                                         (0 = 0.0%) {100.0%}

Histogram: GPU.ANGLE.D3D11InitializeResult recorded 1 samples, mean = 0.0 (flags = 0x1)
0  ------------------------------------------------------------------------O (1 = 100.0%)
1  ... 

Histogram: GPU.ANGLE.DisplayInitializeMS recorded 1 samples, mean = 30.0 (flags = 0x1)
0   ... 
29  ------------------------------------------------------------------------O (1 = 100.0%) {0.0%}
34  ... 

Histogram: GPU.ANGLE.SupportsDXGI1_2 recorded 1 samples, mean = 1.0 (flags = 0x1)
0  O                                                                         (0 = 0.0%)
1  ------------------------------------------------------------------------O (1 = 100.0%) {0.0%}
2  O                                                                         (0 = 0.0%) {100.0%}

Histogram: GPU.CollectContextGraphicsInfo recorded 1 samples, mean = 1.0 (flags = 0x1)
0  O                                                                         (0 = 0.0%)
1  ------------------------------------------------------------------------O (1 = 100.0%) {0.0%}
2  ... 

Histogram: GPU.D3DShaderModel recorded 1 samples, mean = 5.0 (flags = 0x1)
0  ... 
5  ------------------------------------------------------------------------O (1 = 100.0%) {0.0%}
6  O                                                                         (0 = 0.0%) {100.0%}

Histogram: GPU.DirectComposition.OverlaysSupported recorded 1 samples, mean = 0.0 (flags = 0x1)
0  ------------------------------------------------------------------------O (1 = 100.0%)
1  ... 

Histogram: GPU.EGLDisplayType recorded 1 samples, mean = 4.0 (flags = 0x1)
0  ... 
4  ------------------------------------------------------------------------O (1 = 100.0%) {0.0%}
5  ... 

Histogram: GPU.GLImplementation recorded 1 samples, mean = 9.0 (flags = 0x1)
0  ... 
9  ------------------------------------------------------------------------O (1 = 100.0%) {0.0%}
10 O                                                                         (0 = 0.0%) {100.0%}

Histogram: GPU.GPUInitializationTime recorded 1 samples, mean = 105.0 (flags = 0x1)
0  ------------------------------------------------------------------------O (1 = 100.0%)
1000... 

Histogram: GPU.GpuGeneration recorded 1 samples, mean = 0.0 (flags = 0x1)
0  ------------------------------------------------------------------------O (1 = 100.0%)
1  ... 

Histogram: GPU.InitializeOneOffMediumTime recorded 1 samples, mean = 44.0 (flags = 0x1)
0   ... 
41  ------------------------------------------------------------------------O (1 = 100.0%) {0.0%}
50  ... 

Histogram: GPU.MaxMSAASampleCount recorded 1 samples (flags = 0x1)
8  ------------------------------------------------------------------------O (1 = 100.0%)

Histogram: GPU.Sandbox.InitializedSuccessfully recorded 1 samples, mean = 0.0 (flags = 0x1)
0  ------------------------------------------------------------------------O (1 = 100.0%)
1  ... 

Histogram: GPU.WatchdogThread.Event recorded 2 samples, mean = 1.0 (flags = 0x1)
0  ------------------------------------------------------------------------O (1 = 50.0%)
1  O                                                                         (0 = 0.0%) {50.0%}
2  ------------------------------------------------------------------------O (1 = 50.0%) {50.0%}
3  O                                                                         (0 = 0.0%) {100.0%}

Histogram: LibraryLoader.LoadNativeLibraryWindows recorded 3 samples, mean = 0.3 (flags = 0x1)
0  ------------------------------------------------------------------------O (2 = 66.7%)
1  ------------------------------------O                                     (1 = 33.3%) {66.7%}
2  ... 

Histogram: ThreadPool.DetachDuration.ContentChild.Background recorded 0 samples (flags = 0x1)
0 ... 

Histogram: ThreadPool.DetachDuration.ContentChild.Foreground recorded 0 samples (flags = 0x1)
0 ... 

Histogram: ThreadPool.NumActiveWorkers.ContentChild.Background recorded 0 samples (flags = 0x1)
0 ... 

Histogram: ThreadPool.NumActiveWorkers.ContentChild.Foreground recorded 0 samples (flags = 0x1)
0 ... 

Histogram: ThreadPool.NumTasksBeforeDetach.ContentChild.Background recorded 0 samples (flags = 0x1)
0 ... 

Histogram: ThreadPool.NumTasksBeforeDetach.ContentChild.Foreground recorded 0 samples (flags = 0x1)
0 ... 

Histogram: ThreadPool.NumWorkers.ContentChild.Background recorded 0 samples (flags = 0x1)
0 ... 

Histogram: ThreadPool.NumWorkers.ContentChild.Foreground recorded 0 samples (flags = 0x1)
0 ... 

Histogram: Windows.CreateThreadTime recorded 6 samples, mean = 0.0 (flags = 0x1)
0  ------------------------------------------------------------------------O (6 = 100.0%)
1  ... 


[0501/153015.445:INFO:CONSOLE(1)] "Uncaught TypeError: Cannot set property 'value' of null", source: about:blank (1)
[0501/160144.349:WARNING:gpu_process_host.cc(1213)] The GPU process has crashed 1 time(s)
[0501/160144.546:WARNING:gpu_process_host.cc(982)] Reinitialized the GPU process after a crash. The reported initialization time was 124 ms
[0501/161509.138:INFO:CONSOLE(1)] "Uncaught TypeError: Cannot set property 'value' of null", source: about:blank (1)
[0501/162900.452:INFO:CONSOLE(1)] "Uncaught TypeError: Cannot set property 'value' of null", source: about:blank (1)
[0501/163100.017:INFO:CONSOLE(1)] "Uncaught TypeError: Cannot set property 'value' of null", source: about:blank (1)
[0501/212737.700:ERROR:validation_errors.cc(76)] Invalid message: VALIDATION_ERROR_UNEXPECTED_NULL_POINTER (null field 1)
[0502/063800.088:ERROR:broker_win.cc(55)] Error reading broker pipe: The pipe has been ended. (0x6D)
[0519/154005.330:INFO:CONSOLE(35)] "Uncaught SyntaxError: Unexpected string", source: https://detourcoffee.com/ (35)
[0519/154011.608:INFO:CONSOLE(0)] "A cookie associated with a cross-site resource at https://pay.shopify.com/ was set without the `SameSite` attribute. A future release of Chrome will only deliver cookies with cross-site requests if they are set with `SameSite=None` and `Secure`. You can review cookies in developer tools under Application>Storage>Cookies and see more details at https://www.chromestatus.com/feature/5088147346030592 and https://www.chromestatus.com/feature/5633521622188032.", source: https://detourcoffee.com/ (0)
[0519/154012.211:INFO:CONSOLE(0)] "A cookie associated with a cross-site resource at http://www.facebook.com/ was set without the `SameSite` attribute. A future release of Chrome will only deliver cookies with cross-site requests if they are set with `SameSite=None` and `Secure`. You can review cookies in developer tools under Application>Storage>Cookies and see more details at https://www.chromestatus.com/feature/5088147346030592 and https://www.chromestatus.com/feature/5633521622188032.", source: https://detourcoffee.com/ (0)
[0519/154015.912:INFO:CONSOLE(35)] "Uncaught SyntaxError: Unexpected string", source: https://detourcoffee.com/account/login (35)
[0519/154015.952:INFO:CONSOLE(0)] "A cookie associated with a cross-site resource at https://pay.shopify.com/ was set without the `SameSite` attribute. A future release of Chrome will only deliver cookies with cross-site requests if they are set with `SameSite=None` and `Secure`. You can review cookies in developer tools under Application>Storage>Cookies and see more details at https://www.chromestatus.com/feature/5088147346030592 and https://www.chromestatus.com/feature/5633521622188032.", source: https://detourcoffee.com/account/login (0)
[0519/154016.204:INFO:CONSOLE(0)] "A cookie associated with a cross-site resource at http://www.facebook.com/ was set without the `SameSite` attribute. A future release of Chrome will only deliver cookies with cross-site requests if they are set with `SameSite=None` and `Secure`. You can review cookies in developer tools under Application>Storage>Cookies and see more details at https://www.chromestatus.com/feature/5088147346030592 and https://www.chromestatus.com/feature/5633521622188032.", source: https://detourcoffee.com/account/login (0)
[0519/154017.183:INFO:CONSOLE(0)] "A cookie associated with a cross-site resource at http://us18.list-manage.com/ was set without the `SameSite` attribute. A future release of Chrome will only deliver cookies with cross-site requests if they are set with `SameSite=None` and `Secure`. You can review cookies in developer tools under Application>Storage>Cookies and see more details at https://www.chromestatus.com/feature/5088147346030592 and https://www.chromestatus.com/feature/5633521622188032.", source: https://detourcoffee.com/account/login (0)
[0519/154017.183:INFO:CONSOLE(0)] "A cookie associated with a cross-site resource at http://list-manage.com/ was set without the `SameSite` attribute. A future release of Chrome will only deliver cookies with cross-site requests if they are set with `SameSite=None` and `Secure`. You can review cookies in developer tools under Application>Storage>Cookies and see more details at https://www.chromestatus.com/feature/5088147346030592 and https://www.chromestatus.com/feature/5633521622188032.", source: https://detourcoffee.com/account/login (0)
[0519/154017.183:INFO:CONSOLE(0)] "A cookie associated with a cross-site resource at https://list-manage.com/ was set without the `SameSite` attribute. A future release of Chrome will only deliver cookies with cross-site requests if they are set with `SameSite=None` and `Secure`. You can review cookies in developer tools under Application>Storage>Cookies and see more details at https://www.chromestatus.com/feature/5088147346030592 and https://www.chromestatus.com/feature/5633521622188032.", source: https://detourcoffee.com/account/login (0)
[0519/154023.634:INFO:CONSOLE(35)] "Uncaught SyntaxError: Unexpected string", source: https://detourcoffee.com/account/account (35)
[0519/154023.941:INFO:CONSOLE(0)] "A cookie associated with a cross-site resource at http://www.facebook.com/ was set without the `SameSite` attribute. A future release of Chrome will only deliver cookies with cross-site requests if they are set with `SameSite=None` and `Secure`. You can review cookies in developer tools under Application>Storage>Cookies and see more details at https://www.chromestatus.com/feature/5088147346030592 and https://www.chromestatus.com/feature/5633521622188032.", source: https://detourcoffee.com/account/account (0)
[0519/154026.227:WARNING:spdy_session.cc(3259)] Received WINDOW_UPDATE for invalid stream 17
[0519/154026.228:WARNING:spdy_session.cc(3316)] Received HEADERS for invalid stream 17
[0519/154026.321:INFO:CONSOLE(35)] "Uncaught SyntaxError: Unexpected string", source: https://detourcoffee.com/account/account (35)
[0519/154026.620:INFO:CONSOLE(0)] "A cookie associated with a cross-site resource at http://www.facebook.com/ was set without the `SameSite` attribute. A future release of Chrome will only deliver cookies with cross-site requests if they are set with `SameSite=None` and `Secure`. You can review cookies in developer tools under Application>Storage>Cookies and see more details at https://www.chromestatus.com/feature/5088147346030592 and https://www.chromestatus.com/feature/5633521622188032.", source: https://detourcoffee.com/account/account (0)
[0519/154027.411:INFO:CONSOLE(1)] "Synchronous XMLHttpRequest on the main thread is deprecated because of its detrimental effects to the end user's experience. For more help, check https://xhr.spec.whatwg.org/.", source: https://cdn.shopify.com/s/assets/shop_events_listener-2c6237918c4bbec8783d8ceecd5759edc38afa9b5bef55134462710955517539.js (1)
[0519/154030.193:WARNING:spdy_session.cc(3259)] Received WINDOW_UPDATE for invalid stream 23
[0519/154030.193:WARNING:spdy_session.cc(3316)] Received HEADERS for invalid stream 23
[0519/154030.313:INFO:CONSOLE(35)] "Uncaught SyntaxError: Unexpected string", source: https://detourcoffee.com/account/account (35)
[0519/154030.614:INFO:CONSOLE(0)] "A cookie associated with a cross-site resource at http://www.facebook.com/ was set without the `SameSite` attribute. A future release of Chrome will only deliver cookies with cross-site requests if they are set with `SameSite=None` and `Secure`. You can review cookies in developer tools under Application>Storage>Cookies and see more details at https://www.chromestatus.com/feature/5088147346030592 and https://www.chromestatus.com/feature/5633521622188032.", source: https://detourcoffee.com/account/account (0)
[0519/154032.207:INFO:CONSOLE(35)] "Uncaught SyntaxError: Unexpected string", source: https://detourcoffee.com/account/account (35)
[0519/154032.504:INFO:CONSOLE(0)] "A cookie associated with a cross-site resource at http://www.facebook.com/ was set without the `SameSite` attribute. A future release of Chrome will only deliver cookies with cross-site requests if they are set with `SameSite=None` and `Secure`. You can review cookies in developer tools under Application>Storage>Cookies and see more details at https://www.chromestatus.com/feature/5088147346030592 and https://www.chromestatus.com/feature/5633521622188032.", source: https://detourcoffee.com/account/account (0)
[0519/154034.259:WARNING:spdy_session.cc(3259)] Received WINDOW_UPDATE for invalid stream 33
[0519/154034.260:WARNING:spdy_session.cc(3316)] Received HEADERS for invalid stream 33
[0519/154034.389:INFO:CONSOLE(35)] "Uncaught SyntaxError: Unexpected string", source: https://detourcoffee.com/account/account (35)
[0519/154034.682:INFO:CONSOLE(0)] "A cookie associated with a cross-site resource at http://www.facebook.com/ was set without the `SameSite` attribute. A future release of Chrome will only deliver cookies with cross-site requests if they are set with `SameSite=None` and `Secure`. You can review cookies in developer tools under Application>Storage>Cookies and see more details at https://www.chromestatus.com/feature/5088147346030592 and https://www.chromestatus.com/feature/5633521622188032.", source: https://detourcoffee.com/account/account (0)
[0519/154036.447:WARNING:spdy_session.cc(3259)] Received WINDOW_UPDATE for invalid stream 39
[0519/154036.558:INFO:CONSOLE(35)] "Uncaught SyntaxError: Unexpected string", source: https://detourcoffee.com/account/account (35)
[0519/154036.858:INFO:CONSOLE(0)] "A cookie associated with a cross-site resource at http://www.facebook.com/ was set without the `SameSite` attribute. A future release of Chrome will only deliver cookies with cross-site requests if they are set with `SameSite=None` and `Secure`. You can review cookies in developer tools under Application>Storage>Cookies and see more details at https://www.chromestatus.com/feature/5088147346030592 and https://www.chromestatus.com/feature/5633521622188032.", source: https://detourcoffee.com/account/account (0)
[0519/154038.595:WARNING:spdy_session.cc(3259)] Received WINDOW_UPDATE for invalid stream 45
[0519/154038.725:INFO:CONSOLE(35)] "Uncaught SyntaxError: Unexpected string", source: https://detourcoffee.com/account/account (35)
[0519/154039.013:INFO:CONSOLE(0)] "A cookie associated with a cross-site resource at http://www.facebook.com/ was set without the `SameSite` attribute. A future release of Chrome will only deliver cookies with cross-site requests if they are set with `SameSite=None` and `Secure`. You can review cookies in developer tools under Application>Storage>Cookies and see more details at https://www.chromestatus.com/feature/5088147346030592 and https://www.chromestatus.com/feature/5633521622188032.", source: https://detourcoffee.com/account/account (0)
[0519/154041.054:WARNING:spdy_session.cc(3259)] Received WINDOW_UPDATE for invalid stream 51
[0519/154041.176:INFO:CONSOLE(35)] "Uncaught SyntaxError: Unexpected string", source: https://detourcoffee.com/account/account (35)
[0519/154042.599:INFO:CONSOLE(35)] "Uncaught SyntaxError: Unexpected string", source: https://detourcoffee.com/account/account (35)
[0519/154042.757:WARNING:spdy_session.cc(3259)] Received WINDOW_UPDATE for invalid stream 55
[0519/154042.758:WARNING:spdy_session.cc(3316)] Received HEADERS for invalid stream 55
[0519/154042.892:INFO:CONSOLE(0)] "A cookie associated with a cross-site resource at http://www.facebook.com/ was set without the `SameSite` attribute. A future release of Chrome will only deliver cookies with cross-site requests if they are set with `SameSite=None` and `Secure`. You can review cookies in developer tools under Application>Storage>Cookies and see more details at https://www.chromestatus.com/feature/5088147346030592 and https://www.chromestatus.com/feature/5633521622188032.", source: https://detourcoffee.com/account/account (0)
[0519/154045.076:WARNING:spdy_session.cc(3259)] Received WINDOW_UPDATE for invalid stream 61
[0519/154045.238:INFO:CONSOLE(35)] "Uncaught SyntaxError: Unexpected string", source: https://detourcoffee.com/account/account (35)
[0519/154045.534:INFO:CONSOLE(0)] "A cookie associated with a cross-site resource at http://www.facebook.com/ was set without the `SameSite` attribute. A future release of Chrome will only deliver cookies with cross-site requests if they are set with `SameSite=None` and `Secure`. You can review cookies in developer tools under Application>Storage>Cookies and see more details at https://www.chromestatus.com/feature/5088147346030592 and https://www.chromestatus.com/feature/5633521622188032.", source: https://detourcoffee.com/account/account (0)
[0519/154047.379:WARNING:spdy_session.cc(3259)] Received WINDOW_UPDATE for invalid stream 67
[0519/154047.380:WARNING:spdy_session.cc(3316)] Received HEADERS for invalid stream 67
[0519/154047.486:INFO:CONSOLE(35)] "Uncaught SyntaxError: Unexpected string", source: https://detourcoffee.com/account/account (35)
[0519/154047.774:INFO:CONSOLE(0)] "A cookie associated with a cross-site resource at http://www.facebook.com/ was set without the `SameSite` attribute. A future release of Chrome will only deliver cookies with cross-site requests if they are set with `SameSite=None` and `Secure`. You can review cookies in developer tools under Application>Storage>Cookies and see more details at https://www.chromestatus.com/feature/5088147346030592 and https://www.chromestatus.com/feature/5633521622188032.", source: https://detourcoffee.com/account/account (0)
[0519/154049.581:WARNING:spdy_session.cc(3259)] Received WINDOW_UPDATE for invalid stream 73
[0519/154049.702:INFO:CONSOLE(35)] "Uncaught SyntaxError: Unexpected string", source: https://detourcoffee.com/account/account (35)
[0519/154049.994:INFO:CONSOLE(0)] "A cookie associated with a cross-site resource at http://www.facebook.com/ was set without the `SameSite` attribute. A future release of Chrome will only deliver cookies with cross-site requests if they are set with `SameSite=None` and `Secure`. You can review cookies in developer tools under Application>Storage>Cookies and see more details at https://www.chromestatus.com/feature/5088147346030592 and https://www.chromestatus.com/feature/5633521622188032.", source: https://detourcoffee.com/account/account (0)
[0519/154052.278:INFO:CONSOLE(35)] "Uncaught SyntaxError: Unexpected string", source: https://detourcoffee.com/account/account (35)
[0519/154052.566:INFO:CONSOLE(0)] "A cookie associated with a cross-site resource at http://www.facebook.com/ was set without the `SameSite` attribute. A future release of Chrome will only deliver cookies with cross-site requests if they are set with `SameSite=None` and `Secure`. You can review cookies in developer tools under Application>Storage>Cookies and see more details at https://www.chromestatus.com/feature/5088147346030592 and https://www.chromestatus.com/feature/5633521622188032.", source: https://detourcoffee.com/account/account (0)
[0519/154054.350:WARNING:spdy_session.cc(3259)] Received WINDOW_UPDATE for invalid stream 83
[0519/154054.454:INFO:CONSOLE(35)] "Uncaught SyntaxError: Unexpected string", source: https://detourcoffee.com/account/account (35)
[0519/154054.743:INFO:CONSOLE(0)] "A cookie associated with a cross-site resource at http://www.facebook.com/ was set without the `SameSite` attribute. A future release of Chrome will only deliver cookies with cross-site requests if they are set with `SameSite=None` and `Secure`. You can review cookies in developer tools under Application>Storage>Cookies and see more details at https://www.chromestatus.com/feature/5088147346030592 and https://www.chromestatus.com/feature/5633521622188032.", source: https://detourcoffee.com/account/account (0)
[0519/154056.632:INFO:CONSOLE(35)] "Uncaught SyntaxError: Unexpected string", source: https://detourcoffee.com/account/account (35)
[0519/154056.918:INFO:CONSOLE(0)] "A cookie associated with a cross-site resource at http://www.facebook.com/ was set without the `SameSite` attribute. A future release of Chrome will only deliver cookies with cross-site requests if they are set with `SameSite=None` and `Secure`. You can review cookies in developer tools under Application>Storage>Cookies and see more details at https://www.chromestatus.com/feature/5088147346030592 and https://www.chromestatus.com/feature/5633521622188032.", source: https://detourcoffee.com/account/account (0)
[0519/154058.673:WARNING:spdy_session.cc(3259)] Received WINDOW_UPDATE for invalid stream 93
[0519/154058.781:INFO:CONSOLE(35)] "Uncaught SyntaxError: Unexpected string", source: https://detourcoffee.com/account/account (35)
[0519/154059.066:INFO:CONSOLE(0)] "A cookie associated with a cross-site resource at http://www.facebook.com/ was set without the `SameSite` attribute. A future release of Chrome will only deliver cookies with cross-site requests if they are set with `SameSite=None` and `Secure`. You can review cookies in developer tools under Application>Storage>Cookies and see more details at https://www.chromestatus.com/feature/5088147346030592 and https://www.chromestatus.com/feature/5633521622188032.", source: https://detourcoffee.com/account/account (0)
[0519/154100.766:WARNING:spdy_session.cc(3259)] Received WINDOW_UPDATE for invalid stream 99
[0519/154100.860:INFO:CONSOLE(35)] "Uncaught SyntaxError: Unexpected string", source: https://detourcoffee.com/account/account (35)
[0519/154101.162:INFO:CONSOLE(0)] "A cookie associated with a cross-site resource at http://www.facebook.com/ was set without the `SameSite` attribute. A future release of Chrome will only deliver cookies with cross-site requests if they are set with `SameSite=None` and `Secure`. You can review cookies in developer tools under Application>Storage>Cookies and see more details at https://www.chromestatus.com/feature/5088147346030592 and https://www.chromestatus.com/feature/5633521622188032.", source: https://detourcoffee.com/account/account (0)
[0519/154102.954:WARNING:spdy_session.cc(3259)] Received WINDOW_UPDATE for invalid stream 105
[0519/154103.069:INFO:CONSOLE(35)] "Uncaught SyntaxError: Unexpected string", source: https://detourcoffee.com/account/account (35)
[0519/154103.366:INFO:CONSOLE(0)] "A cookie associated with a cross-site resource at http://www.facebook.com/ was set without the `SameSite` attribute. A future release of Chrome will only deliver cookies with cross-site requests if they are set with `SameSite=None` and `Secure`. You can review cookies in developer tools under Application>Storage>Cookies and see more details at https://www.chromestatus.com/feature/5088147346030592 and https://www.chromestatus.com/feature/5633521622188032.", source: https://detourcoffee.com/account/account (0)
[0519/154105.119:WARNING:spdy_session.cc(3259)] Received WINDOW_UPDATE for invalid stream 111
[0519/154105.238:INFO:CONSOLE(35)] "Uncaught SyntaxError: Unexpected string", source: https://detourcoffee.com/account/account (35)
[0519/154105.551:INFO:CONSOLE(0)] "A cookie associated with a cross-site resource at http://www.facebook.com/ was set without the `SameSite` attribute. A future release of Chrome will only deliver cookies with cross-site requests if they are set with `SameSite=None` and `Secure`. You can review cookies in developer tools under Application>Storage>Cookies and see more details at https://www.chromestatus.com/feature/5088147346030592 and https://www.chromestatus.com/feature/5633521622188032.", source: https://detourcoffee.com/account/account (0)
[0519/154107.313:WARNING:spdy_session.cc(3259)] Received WINDOW_UPDATE for invalid stream 117
[0519/154107.435:INFO:CONSOLE(35)] "Uncaught SyntaxError: Unexpected string", source: https://detourcoffee.com/account/account (35)
[0519/154107.722:INFO:CONSOLE(0)] "A cookie associated with a cross-site resource at http://www.facebook.com/ was set without the `SameSite` attribute. A future release of Chrome will only deliver cookies with cross-site requests if they are set with `SameSite=None` and `Secure`. You can review cookies in developer tools under Application>Storage>Cookies and see more details at https://www.chromestatus.com/feature/5088147346030592 and https://www.chromestatus.com/feature/5633521622188032.", source: https://detourcoffee.com/account/account (0)
[0519/154109.329:WARNING:spdy_session.cc(3259)] Received WINDOW_UPDATE for invalid stream 123
[0519/154109.330:WARNING:spdy_session.cc(3316)] Received HEADERS for invalid stream 123
[0519/154109.445:INFO:CONSOLE(35)] "Uncaught SyntaxError: Unexpected string", source: https://detourcoffee.com/account/account (35)
[0519/154109.755:INFO:CONSOLE(0)] "A cookie associated with a cross-site resource at http://www.facebook.com/ was set without the `SameSite` attribute. A future release of Chrome will only deliver cookies with cross-site requests if they are set with `SameSite=None` and `Secure`. You can review cookies in developer tools under Application>Storage>Cookies and see more details at https://www.chromestatus.com/feature/5088147346030592 and https://www.chromestatus.com/feature/5633521622188032.", source: https://detourcoffee.com/account/account (0)
[0519/154111.907:WARNING:spdy_session.cc(3259)] Received WINDOW_UPDATE for invalid stream 129
[0519/154112.036:INFO:CONSOLE(35)] "Uncaught SyntaxError: Unexpected string", source: https://detourcoffee.com/account/account (35)
[0519/154112.323:INFO:CONSOLE(0)] "A cookie associated with a cross-site resource at http://www.facebook.com/ was set without the `SameSite` attribute. A future release of Chrome will only deliver cookies with cross-site requests if they are set with `SameSite=None` and `Secure`. You can review cookies in developer tools under Application>Storage>Cookies and see more details at https://www.chromestatus.com/feature/5088147346030592 and https://www.chromestatus.com/feature/5633521622188032.", source: https://detourcoffee.com/account/account (0)
[0519/154114.051:WARNING:spdy_session.cc(3259)] Received WINDOW_UPDATE for invalid stream 135
[0519/154114.052:WARNING:spdy_session.cc(3316)] Received HEADERS for invalid stream 135
[0519/154114.168:INFO:CONSOLE(35)] "Uncaught SyntaxError: Unexpected string", source: https://detourcoffee.com/account/account (35)
[0519/154114.462:INFO:CONSOLE(0)] "A cookie associated with a cross-site resource at http://www.facebook.com/ was set without the `SameSite` attribute. A future release of Chrome will only deliver cookies with cross-site requests if they are set with `SameSite=None` and `Secure`. You can review cookies in developer tools under Application>Storage>Cookies and see more details at https://www.chromestatus.com/feature/5088147346030592 and https://www.chromestatus.com/feature/5633521622188032.", source: https://detourcoffee.com/account/account (0)
[0519/154116.268:WARNING:spdy_session.cc(3259)] Received WINDOW_UPDATE for invalid stream 141
[0519/154116.381:INFO:CONSOLE(35)] "Uncaught SyntaxError: Unexpected string", source: https://detourcoffee.com/account/account (35)
[0519/154116.666:INFO:CONSOLE(0)] "A cookie associated with a cross-site resource at http://www.facebook.com/ was set without the `SameSite` attribute. A future release of Chrome will only deliver cookies with cross-site requests if they are set with `SameSite=None` and `Secure`. You can review cookies in developer tools under Application>Storage>Cookies and see more details at https://www.chromestatus.com/feature/5088147346030592 and https://www.chromestatus.com/feature/5633521622188032.", source: https://detourcoffee.com/account/account (0)
[0519/154118.454:WARNING:spdy_session.cc(3259)] Received WINDOW_UPDATE for invalid stream 147
[0519/154118.569:INFO:CONSOLE(35)] "Uncaught SyntaxError: Unexpected string", source: https://detourcoffee.com/account/account (35)
[0519/154118.862:INFO:CONSOLE(0)] "A cookie associated with a cross-site resource at http://www.facebook.com/ was set without the `SameSite` attribute. A future release of Chrome will only deliver cookies with cross-site requests if they are set with `SameSite=None` and `Secure`. You can review cookies in developer tools under Application>Storage>Cookies and see more details at https://www.chromestatus.com/feature/5088147346030592 and https://www.chromestatus.com/feature/5633521622188032.", source: https://detourcoffee.com/account/account (0)
[0519/154120.601:WARNING:spdy_session.cc(3259)] Received WINDOW_UPDATE for invalid stream 153
[0519/154120.602:WARNING:spdy_session.cc(3316)] Received HEADERS for invalid stream 153
[0519/154120.757:INFO:CONSOLE(35)] "Uncaught SyntaxError: Unexpected string", source: https://detourcoffee.com/account/account (35)
[0519/154121.044:INFO:CONSOLE(0)] "A cookie associated with a cross-site resource at http://www.facebook.com/ was set without the `SameSite` attribute. A future release of Chrome will only deliver cookies with cross-site requests if they are set with `SameSite=None` and `Secure`. You can review cookies in developer tools under Application>Storage>Cookies and see more details at https://www.chromestatus.com/feature/5088147346030592 and https://www.chromestatus.com/feature/5633521622188032.", source: https://detourcoffee.com/account/account (0)
[0519/154122.847:WARNING:spdy_session.cc(3259)] Received WINDOW_UPDATE for invalid stream 159
[0519/154122.972:INFO:CONSOLE(35)] "Uncaught SyntaxError: Unexpected string", source: https://detourcoffee.com/account/account (35)
[0519/154123.267:INFO:CONSOLE(0)] "A cookie associated with a cross-site resource at http://www.facebook.com/ was set without the `SameSite` attribute. A future release of Chrome will only deliver cookies with cross-site requests if they are set with `SameSite=None` and `Secure`. You can review cookies in developer tools under Application>Storage>Cookies and see more details at https://www.chromestatus.com/feature/5088147346030592 and https://www.chromestatus.com/feature/5633521622188032.", source: https://detourcoffee.com/account/account (0)
[0519/154125.442:WARNING:spdy_session.cc(3259)] Received WINDOW_UPDATE for invalid stream 165
[0519/154125.554:INFO:CONSOLE(35)] "Uncaught SyntaxError: Unexpected string", source: https://detourcoffee.com/account/account (35)
[0519/154125.842:INFO:CONSOLE(0)] "A cookie associated with a cross-site resource at http://www.facebook.com/ was set without the `SameSite` attribute. A future release of Chrome will only deliver cookies with cross-site requests if they are set with `SameSite=None` and `Secure`. You can review cookies in developer tools under Application>Storage>Cookies and see more details at https://www.chromestatus.com/feature/5088147346030592 and https://www.chromestatus.com/feature/5633521622188032.", source: https://detourcoffee.com/account/account (0)
[0519/154127.602:WARNING:spdy_session.cc(3259)] Received WINDOW_UPDATE for invalid stream 171
[0519/154127.603:WARNING:spdy_session.cc(3316)] Received HEADERS for invalid stream 171
[0519/154127.725:INFO:CONSOLE(35)] "Uncaught SyntaxError: Unexpected string", source: https://detourcoffee.com/account/account (35)
[0519/154128.012:INFO:CONSOLE(0)] "A cookie associated with a cross-site resource at http://www.facebook.com/ was set without the `SameSite` attribute. A future release of Chrome will only deliver cookies with cross-site requests if they are set with `SameSite=None` and `Secure`. You can review cookies in developer tools under Application>Storage>Cookies and see more details at https://www.chromestatus.com/feature/5088147346030592 and https://www.chromestatus.com/feature/5633521622188032.", source: https://detourcoffee.com/account/account (0)
[0519/154129.741:WARNING:spdy_session.cc(3259)] Received WINDOW_UPDATE for invalid stream 177
[0519/154129.898:INFO:CONSOLE(35)] "Uncaught SyntaxError: Unexpected string", source: https://detourcoffee.com/account/account (35)
[0519/154130.191:INFO:CONSOLE(0)] "A cookie associated with a cross-site resource at http://www.facebook.com/ was set without the `SameSite` attribute. A future release of Chrome will only deliver cookies with cross-site requests if they are set with `SameSite=None` and `Secure`. You can review cookies in developer tools under Application>Storage>Cookies and see more details at https://www.chromestatus.com/feature/5088147346030592 and https://www.chromestatus.com/feature/5633521622188032.", source: https://detourcoffee.com/account/account (0)
[0519/154131.987:WARNING:spdy_session.cc(3259)] Received WINDOW_UPDATE for invalid stream 183
[0519/154131.988:WARNING:spdy_session.cc(3316)] Received HEADERS for invalid stream 183
[0519/154132.113:INFO:CONSOLE(35)] "Uncaught SyntaxError: Unexpected string", source: https://detourcoffee.com/account/account (35)
[0519/154132.408:INFO:CONSOLE(0)] "A cookie associated with a cross-site resource at http://www.facebook.com/ was set without the `SameSite` attribute. A future release of Chrome will only deliver cookies with cross-site requests if they are set with `SameSite=None` and `Secure`. You can review cookies in developer tools under Application>Storage>Cookies and see more details at https://www.chromestatus.com/feature/5088147346030592 and https://www.chromestatus.com/feature/5633521622188032.", source: https://detourcoffee.com/account/account (0)
[0519/154134.172:WARNING:spdy_session.cc(3259)] Received WINDOW_UPDATE for invalid stream 189
[0519/154134.173:WARNING:spdy_session.cc(3316)] Received HEADERS for invalid stream 189
[0519/154134.302:INFO:CONSOLE(35)] "Uncaught SyntaxError: Unexpected string", source: https://detourcoffee.com/account/account (35)
[0519/154134.582:INFO:CONSOLE(0)] "A cookie associated with a cross-site resource at http://www.facebook.com/ was set without the `SameSite` attribute. A future release of Chrome will only deliver cookies with cross-site requests if they are set with `SameSite=None` and `Secure`. You can review cookies in developer tools under Application>Storage>Cookies and see more details at https://www.chromestatus.com/feature/5088147346030592 and https://www.chromestatus.com/feature/5633521622188032.", source: https://detourcoffee.com/account/account (0)
[0519/154136.341:WARNING:spdy_session.cc(3259)] Received WINDOW_UPDATE for invalid stream 195
[0519/154136.342:WARNING:spdy_session.cc(3316)] Received HEADERS for invalid stream 195
[0519/154136.473:INFO:CONSOLE(35)] "Uncaught SyntaxError: Unexpected string", source: https://detourcoffee.com/account/account (35)
[0519/154136.762:INFO:CONSOLE(0)] "A cookie associated with a cross-site resource at http://www.facebook.com/ was set without the `SameSite` attribute. A future release of Chrome will only deliver cookies with cross-site requests if they are set with `SameSite=None` and `Secure`. You can review cookies in developer tools under Application>Storage>Cookies and see more details at https://www.chromestatus.com/feature/5088147346030592 and https://www.chromestatus.com/feature/5633521622188032.", source: https://detourcoffee.com/account/account (0)
[0519/154138.517:WARNING:spdy_session.cc(3259)] Received WINDOW_UPDATE for invalid stream 201
[0519/154138.626:INFO:CONSOLE(35)] "Uncaught SyntaxError: Unexpected string", source: https://detourcoffee.com/account/account (35)
[0519/154138.918:INFO:CONSOLE(0)] "A cookie associated with a cross-site resource at http://www.facebook.com/ was set without the `SameSite` attribute. A future release of Chrome will only deliver cookies with cross-site requests if they are set with `SameSite=None` and `Secure`. You can review cookies in developer tools under Application>Storage>Cookies and see more details at https://www.chromestatus.com/feature/5088147346030592 and https://www.chromestatus.com/feature/5633521622188032.", source: https://detourcoffee.com/account/account (0)
[0519/154140.693:WARNING:spdy_session.cc(3259)] Received WINDOW_UPDATE for invalid stream 207
[0519/154140.807:INFO:CONSOLE(35)] "Uncaught SyntaxError: Unexpected string", source: https://detourcoffee.com/account/account (35)
[0519/154141.098:INFO:CONSOLE(0)] "A cookie associated with a cross-site resource at http://www.facebook.com/ was set without the `SameSite` attribute. A future release of Chrome will only deliver cookies with cross-site requests if they are set with `SameSite=None` and `Secure`. You can review cookies in developer tools under Application>Storage>Cookies and see more details at https://www.chromestatus.com/feature/5088147346030592 and https://www.chromestatus.com/feature/5633521622188032.", source: https://detourcoffee.com/account/account (0)
[0519/154142.844:WARNING:spdy_session.cc(3259)] Received WINDOW_UPDATE for invalid stream 213
[0519/154142.947:INFO:CONSOLE(35)] "Uncaught SyntaxError: Unexpected string", source: https://detourcoffee.com/account/account (35)
[0519/154143.240:INFO:CONSOLE(0)] "A cookie associated with a cross-site resource at http://www.facebook.com/ was set without the `SameSite` attribute. A future release of Chrome will only deliver cookies with cross-site requests if they are set with `SameSite=None` and `Secure`. You can review cookies in developer tools under Application>Storage>Cookies and see more details at https://www.chromestatus.com/feature/5088147346030592 and https://www.chromestatus.com/feature/5633521622188032.", source: https://detourcoffee.com/account/account (0)
